2026-01-11 08:24:42,096 | INFO | ╔══════════════════════════════════════════════════════════╗
2026-01-11 08:24:42,096 | INFO | ║  JARVIS 守夜人协议 - 无人值守部署                       ║
2026-01-11 08:24:42,097 | INFO | ║  启动时间: 2026-01-11 08:24:42                           ║
2026-01-11 08:24:42,097 | INFO | ╚══════════════════════════════════════════════════════════╝
2026-01-11 08:24:42,097 | INFO | ============================================================
2026-01-11 08:24:42,098 | INFO | 🚀 阶段一：物理搬迁与清洗
2026-01-11 08:24:42,098 | INFO | ============================================================
2026-01-11 08:24:42,098 | INFO | Source: D:\Jarvis_Factory\02_Staging\Whitelist
2026-01-11 08:24:42,098 | INFO | Destination: D:\My_System\Jarvis_Vault
2026-01-11 08:24:42,100 | INFO | 发现 3279 个文件待迁移
2026-01-11 08:24:45,282 | INFO | ✅ 迁移完成: 3279 成功, 391 重命名, 0 失败
2026-01-11 08:24:45,283 | INFO | ============================================================
2026-01-11 08:24:45,283 | INFO | 📊 阶段二：构建仪表盘
2026-01-11 08:24:45,283 | INFO | ============================================================
2026-01-11 08:24:45,284 | INFO | ✅ 仪表盘已生成: D:\My_System\Jarvis_Vault\Home.md
2026-01-11 08:24:45,284 | INFO | ============================================================
2026-01-11 08:24:45,284 | INFO | 🔍 阶段三：最终审计
2026-01-11 08:24:45,284 | INFO | ============================================================
2026-01-11 08:24:46,076 | INFO | 📊 源目录文件数: 3279
2026-01-11 08:24:46,076 | INFO | 📊 目标目录文件数: 3280
2026-01-11 08:24:46,076 | INFO | 📊 AI 已标记: 3240
2026-01-11 08:24:46,076 | INFO | 📊 Home.md 状态: ✅ 存在
2026-01-11 08:24:46,077 | INFO | ============================================================
2026-01-11 08:24:46,077 | INFO | 🎉 DEPLOYMENT SUCCESSFUL!
2026-01-11 08:24:46,077 | INFO | ============================================================
2026-01-11 08:24:46,077 | INFO | 
2026-01-11 08:24:46,077 | INFO | ╔══════════════════════════════════════════════════════════╗
2026-01-11 08:24:46,077 | INFO | ║  📋 最终报告                                            ║
2026-01-11 08:24:46,077 | INFO | ╠══════════════════════════════════════════════════════════╣
2026-01-11 08:24:46,078 | INFO | ║  迁移成功: 3279 个文件                                          ║
2026-01-11 08:24:46,078 | INFO | ║  迁移失败: 0 个文件                                             ║
2026-01-11 08:24:46,078 | INFO | ║  仪表盘: ✅ 已生成                                       ║
2026-01-11 08:24:46,078 | INFO | ║  审计: ✅ 通过                                         ║
2026-01-11 08:24:46,078 | INFO | ║  耗时: 0:00:03.980869                                    ║
2026-01-11 08:24:46,078 | INFO | ╠══════════════════════════════════════════════════════════╣
2026-01-11 08:24:46,078 | INFO | ║  💾 Vault 路径: D:\My_System\Jarvis_Vault              ║
2026-01-11 08:24:46,078 | INFO | ║  📄 日志路径: D:\My_System\Jarvis_Vault\deploy.log    ║
2026-01-11 08:24:46,078 | INFO | ╚══════════════════════════════════════════════════════════╝
